0.8542 	WARNING 	We strongly recommend you activate the PTB sound engine in PsychoPy prefs as the preferred audio engine. Its timing is vastly superior. Your prefs are currently set to use ['sounddevice', 'PTB', 'pyo', 'pygame'] (in that order).
336.1735 	WARNING 	User requested fullscreen with size [1440  900], but screen is actually [3840, 2160]. Using actual size
338.3010 	WARNING 	Couldn't measure a consistent frame rate!
  - Is your graphics card set to sync to vertical blank?
  - Are you running other processes on your computer?

338.3014 	EXP 	Created window1 = Window(allowGUI=True, allowStencil=False, autoLog=True, backendConf=UNKNOWN, bitsMode=UNKNOWN, blendMode='avg', bpc=(8, 8, 8), color=array([0.00392157, 0.00392157, 0.00392157]), colorSpace='rgb', depthBits=8, fullscr=<method-wrapper '__getattribute__' of attributeSetter object at 0x7fd4919ea6a0>, gamma=None, gammaErrorPolicy='raise', lms=UNKNOWN, monitor=<psychopy.monitors.calibTools.Monitor object at 0x7fd465656b80>, multiSample=False, name='window1', numSamples=2, pos=[0.0, 0.0], screen=0, size=array([3840, 2160]), stencilBits=0, stereo=False, units='height', useFBO=True, useRetina=False, viewOri=0.0, viewPos=None, viewScale=None, waitBlanking=True, winType='pyglet')
338.3015 	EXP 	window1: mouseVisible = True
338.3024 	EXP 	window1: mouseVisible = False
338.3024 	EXP 	window1: Attempting to measure frame rate of screen (0) ...
338.3024 	EXP 	window1: recordFrameIntervals = False
338.4676 	EXP 	window1: recordFrameIntervals = True
340.1347 	WARNING 	Couldn't measure a consistent frame rate!
  - Is your graphics card set to sync to vertical blank?
  - Are you running other processes on your computer?

343.8728 	EXP 	Created text = TextStim(__class__=<class 'psychopy.visual.text.TextStim'>, alignHoriz=method-wrapper(...), alignText='center', alignVert=method-wrapper(...), anchorHoriz='center', anchorVert='center', antialias=True, autoDraw=False, autoLog=True, bold=False, color=array([1, 1, 1]), colorSpace='rgb', contrast=1.0, depth=-1.0, flipHoriz=False, flipVert=False, font='Open Sans', fontFiles=[], height=0.05, italic=False, languageStyle='LTR', name='text', opacity=1.0, ori=0.0, pos=array([0., 0.]), rgb=UNKNOWN, text='awaiting trigger', units='height', win=Window(...), wrapWidth=1)
343.8736 	EXP 	Created text_2 = TextStim(__class__=<class 'psychopy.visual.text.TextStim'>, alignHoriz=method-wrapper(...), alignText='center', alignVert=method-wrapper(...), anchorHoriz='center', anchorVert='center', antialias=True, autoDraw=False, autoLog=True, bold=False, color=array([1, 1, 1]), colorSpace='rgb', contrast=1.0, depth=0.0, flipHoriz=False, flipVert=False, font='Open Sans', fontFiles=[], height=0.05, italic=False, languageStyle='LTR', name='text_2', opacity=1.0, ori=0.0, pos=array([0., 0.]), rgb=UNKNOWN, text='', units='height', win=Window(...), wrapWidth=1)
343.8782 	EXP 	Created sample = ImageStim(__class__=<class 'psychopy.visual.image.ImageStim'>, anchor=('center', 'center'), autoLog=True, color=array([1, 1, 1]), colorSpace='rgb', contrast=1.0, depth=-1.0, flipHoriz=False, flipVert=False, image='sin', interpolate=True, mask=None, maskParams=None, name='sample', opacity=1.0, ori=0.0, pos=array([0., 0.]), size=array([10.62029439, 10.62029439]), texRes=128.0, units='cm', win=Window(...))
343.8835 	EXP 	Created Delay = ShapeStim(__class__=<class 'psychopy.visual.shape.ShapeStim'>, anchor=('center', 'center'), autoDraw=False, autoLog=True, closeShape=True, color=method-wrapper(...), colorSpace='rgb', contrast=None, depth=-2.0, fillColor=array([1, 1, 1]), fillColorSpace='rgb', fillRGB=array([1, 1, 1]), interpolate=True, lineColor=array([1, 1, 1]), lineColorSpace='rgb', lineRGB=array([1, 1, 1]), lineWidth=1.0, name='Delay', opacity=1.0, ori=0.0, pos=array([0., 0.]), size=array([0.01, 0.01]), units='height', vertices=ndarray(...), win=Window(...), windingRule=None)
343.9226 	EXP 	Created Response_1 = ImageStim(__class__=<class 'psychopy.visual.image.ImageStim'>, anchor=('center', 'center'), autoLog=True, color=array([1, 1, 1]), colorSpace='rgb', contrast=1.0, depth=-3.0, flipHoriz=False, flipVert=False, image='images/picture_1.png', interpolate=True, mask=None, maskParams=None, name='Response_1', opacity=1.0, ori=0.0, pos=array([0., 0.]), size=array([10.71895075, 10.71895075]), texRes=128.0, units='cm', win=Window(...))
343.9291 	EXP 	Created Response_2 = ImageStim(__class__=<class 'psychopy.visual.image.ImageStim'>, anchor=('center', 'center'), autoLog=True, color=array([1, 1, 1]), colorSpace='rgb', contrast=1.0, depth=-4.0, flipHoriz=False, flipVert=False, image='images/picture_2.png', interpolate=True, mask=None, maskParams=None, name='Response_2', opacity=1.0, ori=0.0, pos=array([0., 0.]), size=array([10.71895075, 10.71895075]), texRes=128.0, units='cm', win=Window(...))
343.9294 	WARNING 	Requested image 'images/picture_3.png' not found but similar filename 'images/picture_3.jpeg' exists. This will be used instead but changing the filename is advised.
343.9306 	WARNING 	Requested image 'images/picture_3.png' not found but similar filename 'images/picture_3.jpeg' exists. This will be used instead but changing the filename is advised.
343.9314 	WARNING 	Requested image 'images/picture_3.png' not found but similar filename 'images/picture_3.jpeg' exists. This will be used instead but changing the filename is advised.
343.9321 	WARNING 	Requested image 'images/picture_3.png' not found but similar filename 'images/picture_3.jpeg' exists. This will be used instead but changing the filename is advised.
343.9333 	EXP 	Created Response_3 = ImageStim(__class__=<class 'psychopy.visual.image.ImageStim'>, anchor=('center', 'center'), autoLog=True, color=array([1, 1, 1]), colorSpace='rgb', contrast=1.0, depth=-5.0, flipHoriz=False, flipVert=False, image='images/picture_3.png', interpolate=True, mask=None, maskParams=None, name='Response_3', opacity=1.0, ori=0.0, pos=array([0., 0.]), size=array([10.71895075, 10.71895075]), texRes=128.0, units='cm', win=Window(...))
343.9345 	EXP 	Created polygon = ShapeStim(__class__=<class 'psychopy.visual.shape.ShapeStim'>, anchor=('center', 'center'), autoDraw=False, autoLog=True, closeShape=True, color=method-wrapper(...), colorSpace='rgb', contrast=None, depth=-6.0, fillColor=array([1, 1, 1]), fillColorSpace='rgb', fillRGB=array([1, 1, 1]), interpolate=True, lineColor=array([1, 1, 1]), lineColorSpace='rgb', lineRGB=array([1, 1, 1]), lineWidth=1.0, name='polygon', opacity=1.0, ori=0.0, pos=array([0., 0.]), size=array([0.01, 0.01]), units='height', vertices=ndarray(...), win=Window(...), windingRule=None)
343.9353 	EXP 	Created text_2 = TextStim(__class__=<class 'psychopy.visual.text.TextStim'>, alignHoriz=method-wrapper(...), alignText='center', alignVert=method-wrapper(...), anchorHoriz='center', anchorVert='center', antialias=True, autoDraw=False, autoLog=True, bold=False, color=array([1, 1, 1]), colorSpace='rgb', contrast=1.0, depth=0.0, flipHoriz=False, flipVert=False, font='Open Sans', fontFiles=[], height=0.05, italic=False, languageStyle='LTR', name='text_2', opacity=1.0, ori=0.0, pos=array([0., 0.]), rgb=UNKNOWN, text='', units='height', win=Window(...), wrapWidth=1)
343.9359 	EXP 	Created text_2 = TextStim(__class__=<class 'psychopy.visual.text.TextStim'>, alignHoriz=method-wrapper(...), alignText='center', alignVert=method-wrapper(...), anchorHoriz='center', anchorVert='center', antialias=True, autoDraw=False, autoLog=True, bold=False, color=array([1, 1, 1]), colorSpace='rgb', contrast=1.0, depth=0.0, flipHoriz=False, flipVert=False, font='Open Sans', fontFiles=[], height=0.05, italic=False, languageStyle='LTR', name='text_2', opacity=1.0, ori=0.0, pos=array([0., 0.]), rgb=UNKNOWN, text='', units='height', win=Window(...), wrapWidth=1)
343.9947 	WARNING 	t of last frame was 3860.09ms (=1/0)
343.9947 	EXP 	text: autoDraw = True
344.0237 	WARNING 	t of last frame was 21.59ms (=1/46)
344.4234 	WARNING 	t of last frame was 22.48ms (=1/44)
345.4234 	WARNING 	t of last frame was 22.34ms (=1/44)
348.6229 	WARNING 	Multiple dropped frames have occurred - I'll stop bothering you about them!
1215.0098 	DATA 	Keypress: escape
1215.4799 	EXP 	window1: mouseVisible = True
