0.9297 	WARNING 	We strongly recommend you activate the PTB sound engine in PsychoPy prefs as the preferred audio engine. Its timing is vastly superior. Your prefs are currently set to use ['sounddevice', 'PTB', 'pyo', 'pygame'] (in that order).
10.4003 	WARNING 	User requested fullscreen with size [1440  900], but screen is actually [3840, 2160]. Using actual size
12.6132 	WARNING 	Couldn't measure a consistent frame rate!
  - Is your graphics card set to sync to vertical blank?
  - Are you running other processes on your computer?

12.6145 	EXP 	Created window1 = Window(allowGUI=True, allowStencil=False, autoLog=True, backendConf=UNKNOWN, bitsMode=UNKNOWN, blendMode='avg', bpc=(8, 8, 8), color=array([0.00392157, 0.00392157, 0.00392157]), colorSpace='rgb', depthBits=8, fullscr=<method-wrapper '__getattribute__' of attributeSetter object at 0x7ff1c458f6a0>, gamma=None, gammaErrorPolicy='raise', lms=UNKNOWN, monitor=<psychopy.monitors.calibTools.Monitor object at 0x7ff185e98af0>, multiSample=False, name='window1', numSamples=2, pos=[0.0, 0.0], screen=0, size=array([3840, 2160]), stencilBits=0, stereo=False, units='height', useFBO=True, useRetina=False, viewOri=0.0, viewPos=None, viewScale=None, waitBlanking=True, winType='pyglet')
12.6150 	EXP 	window1: mouseVisible = True
12.6161 	EXP 	window1: mouseVisible = False
12.6161 	EXP 	window1: Attempting to measure frame rate of screen (0) ...
12.6162 	EXP 	window1: recordFrameIntervals = False
12.7795 	EXP 	window1: recordFrameIntervals = True
13.2993 	WARNING 	t of last frame was 20.13ms (=1/49)
13.3328 	WARNING 	t of last frame was 20.17ms (=1/49)
14.1660 	WARNING 	t of last frame was 20.11ms (=1/49)
14.4471 	WARNING 	Couldn't measure a consistent frame rate!
  - Is your graphics card set to sync to vertical blank?
  - Are you running other processes on your computer?

18.0505 	EXP 	Created text = TextStim(__class__=<class 'psychopy.visual.text.TextStim'>, alignHoriz=method-wrapper(...), alignText='center', alignVert=method-wrapper(...), anchorHoriz='center', anchorVert='center', antialias=True, autoDraw=False, autoLog=True, bold=False, color=array([1, 1, 1]), colorSpace='rgb', contrast=1.0, depth=-1.0, flipHoriz=False, flipVert=False, font='Open Sans', fontFiles=[], height=0.05, italic=False, languageStyle='LTR', name='text', opacity=1.0, ori=0.0, pos=array([0., 0.]), rgb=UNKNOWN, text='awaiting trigger', units='height', win=Window(...), wrapWidth=1)
18.0512 	EXP 	Created text_2 = TextStim(__class__=<class 'psychopy.visual.text.TextStim'>, alignHoriz=method-wrapper(...), alignText='center', alignVert=method-wrapper(...), anchorHoriz='center', anchorVert='center', antialias=True, autoDraw=False, autoLog=True, bold=False, color=array([1, 1, 1]), colorSpace='rgb', contrast=1.0, depth=0.0, flipHoriz=False, flipVert=False, font='Open Sans', fontFiles=[], height=0.05, italic=False, languageStyle='LTR', name='text_2', opacity=1.0, ori=0.0, pos=array([0., 0.]), rgb=UNKNOWN, text='', units='height', win=Window(...), wrapWidth=1)
18.0555 	EXP 	Created sample = ImageStim(__class__=<class 'psychopy.visual.image.ImageStim'>, anchor=('center', 'center'), autoLog=True, color=array([1, 1, 1]), colorSpace='rgb', contrast=1.0, depth=-1.0, flipHoriz=False, flipVert=False, image='sin', interpolate=True, mask=None, maskParams=None, name='sample', opacity=1.0, ori=0.0, pos=array([0., 0.]), size=array([10.62029439, 10.62029439]), texRes=128.0, units='cm', win=Window(...))
18.0606 	EXP 	Created Delay = ShapeStim(__class__=<class 'psychopy.visual.shape.ShapeStim'>, anchor=('center', 'center'), autoDraw=False, autoLog=True, closeShape=True, color=method-wrapper(...), colorSpace='rgb', contrast=None, depth=-2.0, fillColor=array([1, 1, 1]), fillColorSpace='rgb', fillRGB=array([1, 1, 1]), interpolate=True, lineColor=array([1, 1, 1]), lineColorSpace='rgb', lineRGB=array([1, 1, 1]), lineWidth=1.0, name='Delay', opacity=1.0, ori=0.0, pos=array([0., 0.]), size=array([0.01, 0.01]), units='height', vertices=ndarray(...), win=Window(...), windingRule=None)
18.0716 	EXP 	Created Response_1 = ImageStim(__class__=<class 'psychopy.visual.image.ImageStim'>, anchor=('center', 'center'), autoLog=True, color=array([1, 1, 1]), colorSpace='rgb', contrast=1.0, depth=-3.0, flipHoriz=False, flipVert=False, image='images/picture_1.png', interpolate=True, mask=None, maskParams=None, name='Response_1', opacity=1.0, ori=0.0, pos=array([0., 0.]), size=array([10.71895075, 10.71895075]), texRes=128.0, units='cm', win=Window(...))
18.0777 	EXP 	Created Response_2 = ImageStim(__class__=<class 'psychopy.visual.image.ImageStim'>, anchor=('center', 'center'), autoLog=True, color=array([1, 1, 1]), colorSpace='rgb', contrast=1.0, depth=-4.0, flipHoriz=False, flipVert=False, image='images/picture_2.png', interpolate=True, mask=None, maskParams=None, name='Response_2', opacity=1.0, ori=0.0, pos=array([0., 0.]), size=array([10.71895075, 10.71895075]), texRes=128.0, units='cm', win=Window(...))
18.0780 	WARNING 	Requested image 'images/picture_3.png' not found but similar filename 'images/picture_3.jpeg' exists. This will be used instead but changing the filename is advised.
18.0791 	WARNING 	Requested image 'images/picture_3.png' not found but similar filename 'images/picture_3.jpeg' exists. This will be used instead but changing the filename is advised.
18.0799 	WARNING 	Requested image 'images/picture_3.png' not found but similar filename 'images/picture_3.jpeg' exists. This will be used instead but changing the filename is advised.
18.0805 	WARNING 	Requested image 'images/picture_3.png' not found but similar filename 'images/picture_3.jpeg' exists. This will be used instead but changing the filename is advised.
18.0816 	EXP 	Created Response_3 = ImageStim(__class__=<class 'psychopy.visual.image.ImageStim'>, anchor=('center', 'center'), autoLog=True, color=array([1, 1, 1]), colorSpace='rgb', contrast=1.0, depth=-5.0, flipHoriz=False, flipVert=False, image='images/picture_3.png', interpolate=True, mask=None, maskParams=None, name='Response_3', opacity=1.0, ori=0.0, pos=array([0., 0.]), size=array([10.71895075, 10.71895075]), texRes=128.0, units='cm', win=Window(...))
18.0827 	EXP 	Created polygon = ShapeStim(__class__=<class 'psychopy.visual.shape.ShapeStim'>, anchor=('center', 'center'), autoDraw=False, autoLog=True, closeShape=True, color=method-wrapper(...), colorSpace='rgb', contrast=None, depth=-6.0, fillColor=array([1, 1, 1]), fillColorSpace='rgb', fillRGB=array([1, 1, 1]), interpolate=True, lineColor=array([1, 1, 1]), lineColorSpace='rgb', lineRGB=array([1, 1, 1]), lineWidth=1.0, name='polygon', opacity=1.0, ori=0.0, pos=array([0., 0.]), size=array([0.01, 0.01]), units='height', vertices=ndarray(...), win=Window(...), windingRule=None)
18.0834 	EXP 	Created text_2 = TextStim(__class__=<class 'psychopy.visual.text.TextStim'>, alignHoriz=method-wrapper(...), alignText='center', alignVert=method-wrapper(...), anchorHoriz='center', anchorVert='center', antialias=True, autoDraw=False, autoLog=True, bold=False, color=array([1, 1, 1]), colorSpace='rgb', contrast=1.0, depth=0.0, flipHoriz=False, flipVert=False, font='Open Sans', fontFiles=[], height=0.05, italic=False, languageStyle='LTR', name='text_2', opacity=1.0, ori=0.0, pos=array([0., 0.]), rgb=UNKNOWN, text='', units='height', win=Window(...), wrapWidth=1)
18.0841 	EXP 	Created text_2 = TextStim(__class__=<class 'psychopy.visual.text.TextStim'>, alignHoriz=method-wrapper(...), alignText='center', alignVert=method-wrapper(...), anchorHoriz='center', anchorVert='center', antialias=True, autoDraw=False, autoLog=True, bold=False, color=array([1, 1, 1]), colorSpace='rgb', contrast=1.0, depth=0.0, flipHoriz=False, flipVert=False, font='Open Sans', fontFiles=[], height=0.05, italic=False, languageStyle='LTR', name='text_2', opacity=1.0, ori=0.0, pos=array([0., 0.]), rgb=UNKNOWN, text='', units='height', win=Window(...), wrapWidth=1)
18.1319 	WARNING 	t of last frame was 3685.18ms (=1/0)
18.1319 	EXP 	text: autoDraw = True
18.2001 	WARNING 	Multiple dropped frames have occurred - I'll stop bothering you about them!
147.5831 	DATA 	Keypress: escape
148.3149 	EXP 	window1: mouseVisible = True
