1.7409 	WARNING 	We strongly recommend you activate the PTB sound engine in PsychoPy prefs as the preferred audio engine. Its timing is vastly superior. Your prefs are currently set to use ['sounddevice', 'PTB', 'pyo', 'pygame'] (in that order).
8.4035 	WARNING 	User requested fullscreen with size [1440  900], but screen is actually [1680, 1050]. Using actual size
9.1678 	EXP 	Created window1 = Window(allowGUI=True, allowStencil=False, autoLog=True, backendConf=UNKNOWN, bitsMode=UNKNOWN, blendMode='avg', bpc=(8, 8, 8), color=array([0, 0, 0]), colorSpace='rgb', depthBits=8, fullscr=<method-wrapper '__getattribute__' of attributeSetter object at 0x7fbff3a89f70>, gamma=None, gammaErrorPolicy='raise', lms=UNKNOWN, monitor=<psychopy.monitors.calibTools.Monitor object at 0x7fbfe3b3d730>, multiSample=False, name='window1', numSamples=2, pos=[420.0, 262.5], screen=0, size=array([3360, 2100]), stencilBits=0, stereo=False, units='height', useFBO=True, useRetina=True, viewOri=0.0, viewPos=None, viewScale=None, waitBlanking=True, winType='pyglet')
9.1680 	EXP 	window1: mouseVisible = True
9.1693 	EXP 	window1: mouseVisible = False
9.1694 	EXP 	window1: Attempting to measure frame rate of screen (0) ...
9.1694 	EXP 	window1: recordFrameIntervals = False
9.3321 	EXP 	window1: recordFrameIntervals = True
9.5155 	EXP 	Screen (0) actual frame rate measured at 60.03Hz
9.5155 	EXP 	window1: recordFrameIntervals = False
11.7218 	EXP 	Created Fixation = ShapeStim(__class__=<class 'psychopy.visual.shape.ShapeStim'>, anchor=('center', 'center'), autoDraw=False, autoLog=True, closeShape=True, color=method-wrapper(...), colorSpace='rgb', contrast=None, depth=0.0, fillColor=array([1, 1, 1]), fillColorSpace='rgb', fillRGB=array([1, 1, 1]), interpolate=True, lineColor=array([1, 1, 1]), lineColorSpace='rgb', lineRGB=array([1, 1, 1]), lineWidth=1.0, name='Fixation', opacity=1.0, ori=0.0, pos=array([0., 0.]), size=array([0.025, 0.025]), units='height', vertices=ndarray(...), win=Window(...), windingRule=None)
11.7281 	EXP 	Created sample = ImageStim(__class__=<class 'psychopy.visual.image.ImageStim'>, anchor=('center', 'center'), autoLog=True, color=array([1, 1, 1]), colorSpace='rgb', contrast=1.0, depth=-1.0, flipHoriz=False, flipVert=False, image=None, interpolate=True, mask=None, maskParams=None, name='sample', opacity=1.0, ori=0.0, pos=array([0., 0.]), size=array([0.5, 0.5]), texRes=128.0, units='height', win=Window(...))
11.7296 	EXP 	Created Delay = ShapeStim(__class__=<class 'psychopy.visual.shape.ShapeStim'>, anchor=('center', 'center'), autoDraw=False, autoLog=True, closeShape=True, color=method-wrapper(...), colorSpace='rgb', contrast=None, depth=-2.0, fillColor=array([1, 1, 1]), fillColorSpace='rgb', fillRGB=array([1, 1, 1]), interpolate=True, lineColor=array([1, 1, 1]), lineColorSpace='rgb', lineRGB=array([1, 1, 1]), lineWidth=1.0, name='Delay', opacity=1.0, ori=0.0, pos=array([0., 0.]), size=array([0.025, 0.025]), units='height', vertices=ndarray(...), win=Window(...), windingRule=None)
11.7309 	EXP 	Created Response_1 = ImageStim(__class__=<class 'psychopy.visual.image.ImageStim'>, anchor=('center', 'center'), autoLog=True, color=array([1, 1, 1]), colorSpace='rgb', contrast=1.0, depth=-3.0, flipHoriz=False, flipVert=False, image=None, interpolate=True, mask=None, maskParams=None, name='Response_1', opacity=1.0, ori=0.0, pos=array([0., 0.]), size=array([0.5, 0.5]), texRes=128.0, units='height', win=Window(...))
11.7321 	EXP 	Created Response_2 = ImageStim(__class__=<class 'psychopy.visual.image.ImageStim'>, anchor=('center', 'center'), autoLog=True, color=array([1, 1, 1]), colorSpace='rgb', contrast=1.0, depth=-4.0, flipHoriz=False, flipVert=False, image=None, interpolate=True, mask=None, maskParams=None, name='Response_2', opacity=1.0, ori=0.0, pos=array([0., 0.]), size=array([0.5, 0.5]), texRes=128.0, units='height', win=Window(...))
11.7332 	EXP 	Created Response_3 = ImageStim(__class__=<class 'psychopy.visual.image.ImageStim'>, anchor=('center', 'center'), autoLog=True, color=array([1, 1, 1]), colorSpace='rgb', contrast=1.0, depth=-5.0, flipHoriz=False, flipVert=False, image=None, interpolate=True, mask=None, maskParams=None, name='Response_3', opacity=1.0, ori=0.0, pos=array([0., 0.]), size=array([0.5, 0.5]), texRes=128.0, units='height', win=Window(...))
11.7360 	EXP 	Created sequence: random, trialTypes=1, nReps=50, seed=None
11.7369 	EXP 	New trial (rep=0, index=0): {'delay_time': 0.7, 'stimImage_i': 1, 'stimImage': 'images/picture_2.png', 'responseImage1': 'images/picture_2.png', 'responseImage1_i': 1, 'responseImage1_location': 'bottomright', 'responseImage1_location_i': 3, 'responseImage2': 'images/picture_3.png', 'responseImage2_i': 0, 'responseImage2_location': 'bottomleft', 'responseImage2_location_i': 0, 'responseImage3': 'images/picture_1.png', 'responseImage3_i': 2, 'responseImage3_location': 'topright', 'responseImage3_location_i': 1}
11.7501 	EXP 	Fixation: autoDraw = True
11.7501 	EXP 	sample: autoDraw = True
12.7649 	EXP 	Fixation: autoDraw = False
12.7649 	EXP 	sample: autoDraw = False
13.7484 	EXP 	Delay: autoDraw = True
14.7485 	EXP 	Delay: autoDraw = False
14.7485 	EXP 	Response_1: autoDraw = True
14.7485 	EXP 	Response_2: autoDraw = True
14.7485 	EXP 	Response_3: autoDraw = True
15.7330 	EXP 	New trial (rep=1, index=0): {'delay_time': 0.7, 'stimImage_i': 1, 'stimImage': 'images/picture_2.png', 'responseImage1': 'images/picture_2.png', 'responseImage1_i': 1, 'responseImage1_location': 'bottomright', 'responseImage1_location_i': 3, 'responseImage2': 'images/picture_3.png', 'responseImage2_i': 0, 'responseImage2_location': 'bottomleft', 'responseImage2_location_i': 0, 'responseImage3': 'images/picture_1.png', 'responseImage3_i': 2, 'responseImage3_location': 'topright', 'responseImage3_location_i': 1}
15.7490 	EXP 	Response_1: autoDraw = False
15.7490 	EXP 	Response_2: autoDraw = False
15.7490 	EXP 	Response_3: autoDraw = False
15.7490 	EXP 	Fixation: autoDraw = False
15.7490 	EXP 	sample: autoDraw = False
15.7490 	EXP 	Delay: autoDraw = False
15.7490 	EXP 	Response_1: autoDraw = False
15.7490 	EXP 	Response_2: autoDraw = False
15.7490 	EXP 	Response_3: autoDraw = False
15.7490 	EXP 	Fixation: autoDraw = True
15.7490 	EXP 	sample: autoDraw = True
16.7490 	EXP 	Fixation: autoDraw = False
16.7490 	EXP 	sample: autoDraw = False
16.9747 	DATA 	Keypress: escape
17.6299 	EXP 	window1: mouseVisible = True
