1.5126 	WARNING 	We strongly recommend you activate the PTB sound engine in PsychoPy prefs as the preferred audio engine. Its timing is vastly superior. Your prefs are currently set to use ['sounddevice', 'PTB', 'pyo', 'pygame'] (in that order).
6.8322 	WARNING 	User requested fullscreen with size [1440  900], but screen is actually [1680, 1050]. Using actual size
7.5704 	EXP 	Created window1 = Window(allowGUI=True, allowStencil=False, autoLog=True, backendConf=UNKNOWN, bitsMode=UNKNOWN, blendMode='avg', bpc=(8, 8, 8), color=array([0, 0, 0]), colorSpace='rgb', depthBits=8, fullscr=<method-wrapper '__getattribute__' of attributeSetter object at 0x7fb479047eb0>, gamma=None, gammaErrorPolicy='raise', lms=UNKNOWN, monitor=<psychopy.monitors.calibTools.Monitor object at 0x7fb43db7da90>, multiSample=False, name='window1', numSamples=2, pos=[420.0, 262.5], screen=0, size=array([3360, 2100]), stencilBits=0, stereo=False, units='height', useFBO=True, useRetina=True, viewOri=0.0, viewPos=None, viewScale=None, waitBlanking=True, winType='pyglet')
7.5707 	EXP 	window1: mouseVisible = True
7.5720 	EXP 	window1: mouseVisible = False
7.5720 	EXP 	window1: Attempting to measure frame rate of screen (0) ...
7.5721 	EXP 	window1: recordFrameIntervals = False
7.7358 	EXP 	window1: recordFrameIntervals = True
8.0189 	EXP 	Screen (0) actual frame rate measured at 61.09Hz
8.0190 	EXP 	window1: recordFrameIntervals = False
9.8954 	EXP 	Created Fixation = ShapeStim(__class__=<class 'psychopy.visual.shape.ShapeStim'>, anchor=('center', 'center'), autoDraw=False, autoLog=True, closeShape=True, color=method-wrapper(...), colorSpace='rgb', contrast=None, depth=0.0, fillColor=array([1, 1, 1]), fillColorSpace='rgb', fillRGB=array([1, 1, 1]), interpolate=True, lineColor=array([1, 1, 1]), lineColorSpace='rgb', lineRGB=array([1, 1, 1]), lineWidth=1.0, name='Fixation', opacity=1.0, ori=0.0, pos=array([0., 0.]), size=array([0.025, 0.025]), units='height', vertices=ndarray(...), win=Window(...), windingRule=None)
10.4363 	EXP 	Created sample = ImageStim(__class__=<class 'psychopy.visual.image.ImageStim'>, anchor=('center', 'center'), autoLog=True, color=array([1, 1, 1]), colorSpace='rgb', contrast=1.0, depth=-1.0, flipHoriz=False, flipVert=False, image='images/picture_2.png', interpolate=True, mask=None, maskParams=None, name='sample', opacity=1.0, ori=0.0, pos=array([0., 0.]), size=array([0.25, 0.25]), texRes=128.0, units='height', win=Window(...))
10.4383 	EXP 	Created Delay = ShapeStim(__class__=<class 'psychopy.visual.shape.ShapeStim'>, anchor=('center', 'center'), autoDraw=False, autoLog=True, closeShape=True, color=method-wrapper(...), colorSpace='rgb', contrast=None, depth=-2.0, fillColor=array([1, 1, 1]), fillColorSpace='rgb', fillRGB=array([1, 1, 1]), interpolate=True, lineColor=array([1, 1, 1]), lineColorSpace='rgb', lineRGB=array([1, 1, 1]), lineWidth=1.0, name='Delay', opacity=1.0, ori=0.0, pos=array([0., 0.]), size=array([0.025, 0.025]), units='height', vertices=ndarray(...), win=Window(...), windingRule=None)
10.9498 	EXP 	Created Response_1 = ImageStim(__class__=<class 'psychopy.visual.image.ImageStim'>, anchor=('center', 'center'), autoLog=True, color=array([1, 1, 1]), colorSpace='rgb', contrast=1.0, depth=-3.0, flipHoriz=False, flipVert=False, image='images/picture_2.png', interpolate=True, mask=None, maskParams=None, name='Response_1', opacity=1.0, ori=0.0, pos=array([1., 1.]), size=array([0.5, 0.5]), texRes=128.0, units='height', win=Window(...))
11.4357 	EXP 	Created Response_2 = ImageStim(__class__=<class 'psychopy.visual.image.ImageStim'>, anchor=('center', 'center'), autoLog=True, color=array([1, 1, 1]), colorSpace='rgb', contrast=1.0, depth=-4.0, flipHoriz=False, flipVert=False, image='images/picture_2.png', interpolate=True, mask=None, maskParams=None, name='Response_2', opacity=1.0, ori=0.0, pos=array([ 1., -1.]), size=array([0.5, 0.5]), texRes=128.0, units='height', win=Window(...))
11.9311 	EXP 	Created Response_3 = ImageStim(__class__=<class 'psychopy.visual.image.ImageStim'>, anchor=('center', 'center'), autoLog=True, color=array([1, 1, 1]), colorSpace='rgb', contrast=1.0, depth=-5.0, flipHoriz=False, flipVert=False, image='images/picture_2.png', interpolate=True, mask=None, maskParams=None, name='Response_3', opacity=1.0, ori=0.0, pos=array([-1., -1.]), size=array([0.5, 0.5]), texRes=128.0, units='height', win=Window(...))
11.9320 	EXP 	Created sequence: random, trialTypes=1, nReps=50, seed=None
11.9349 	EXP 	New trial (rep=0, index=0): {'delay_time': 0.5, 'stimImage_i': 1, 'stimImage': 'images/picture_2.png', 'responseImage1': 'images/picture_3.png', 'responseImage1_i': 2, 'responseImage1_pos': (1, 1), 'responseImage1_pos_ind': 2, 'responseImage1_location': 'topleft', 'responseImage1_location_i': 0, 'responseImage2': 'images/picture_2.png', 'responseImage2_i': 0, 'responseImage2_pos': (1, -1), 'responseImage2_pos_ind': 1, 'responseImage2_location': 'bottomleft', 'responseImage2_location_i': 2, 'responseImage3': 'images/picture_1.png', 'responseImage3_i': 1, 'responseImage3_pos': (-1, 1), 'responseImage3_pos_ind': 0, 'responseImage3_location': 'topright', 'responseImage3_location_i': 3}
12.0803 	EXP 	Fixation: autoDraw = True
12.0803 	EXP 	sample: image = 'images/picture_2.png'
12.0803 	EXP 	sample: autoDraw = True
13.0856 	EXP 	Fixation: autoDraw = False
13.0856 	EXP 	sample: autoDraw = False
13.9356 	EXP 	Delay: autoDraw = True
15.1615 	EXP 	Delay: autoDraw = False
15.1615 	EXP 	Response_1: image = 'images/picture_3.png'
15.1615 	EXP 	Response_1: autoDraw = True
15.1615 	EXP 	Response_2: image = 'images/picture_2.png'
15.1615 	EXP 	Response_2: autoDraw = True
15.1615 	EXP 	Response_3: image = 'images/picture_1.png'
15.1615 	EXP 	Response_3: autoDraw = True
15.9366 	EXP 	New trial (rep=1, index=0): {'delay_time': 0.5, 'stimImage_i': 1, 'stimImage': 'images/picture_2.png', 'responseImage1': 'images/picture_3.png', 'responseImage1_i': 2, 'responseImage1_pos': (1, 1), 'responseImage1_pos_ind': 2, 'responseImage1_location': 'topleft', 'responseImage1_location_i': 0, 'responseImage2': 'images/picture_2.png', 'responseImage2_i': 0, 'responseImage2_pos': (1, -1), 'responseImage2_pos_ind': 1, 'responseImage2_location': 'bottomleft', 'responseImage2_location_i': 2, 'responseImage3': 'images/picture_1.png', 'responseImage3_i': 1, 'responseImage3_pos': (-1, 1), 'responseImage3_pos_ind': 0, 'responseImage3_location': 'topright', 'responseImage3_location_i': 3}
16.0725 	EXP 	Fixation: autoDraw = False
16.0725 	EXP 	sample: autoDraw = False
16.0725 	EXP 	Delay: autoDraw = False
16.0725 	EXP 	Response_1: autoDraw = False
16.0725 	EXP 	Response_2: autoDraw = False
16.0725 	EXP 	Response_3: autoDraw = False
16.0725 	EXP 	Fixation: autoDraw = True
16.0725 	EXP 	sample: image = 'images/picture_2.png'
16.0725 	EXP 	sample: autoDraw = True
17.0852 	EXP 	Fixation: autoDraw = False
17.0852 	EXP 	sample: autoDraw = False
17.9357 	EXP 	Delay: autoDraw = True
19.1429 	EXP 	Delay: autoDraw = False
19.1429 	EXP 	Response_1: image = 'images/picture_3.png'
19.1429 	EXP 	Response_1: autoDraw = True
19.1429 	EXP 	Response_2: image = 'images/picture_2.png'
19.1429 	EXP 	Response_2: autoDraw = True
19.1429 	EXP 	Response_3: image = 'images/picture_1.png'
19.1429 	EXP 	Response_3: autoDraw = True
19.9366 	EXP 	New trial (rep=2, index=0): {'delay_time': 0.5, 'stimImage_i': 1, 'stimImage': 'images/picture_2.png', 'responseImage1': 'images/picture_3.png', 'responseImage1_i': 2, 'responseImage1_pos': (1, 1), 'responseImage1_pos_ind': 2, 'responseImage1_location': 'topleft', 'responseImage1_location_i': 0, 'responseImage2': 'images/picture_2.png', 'responseImage2_i': 0, 'responseImage2_pos': (1, -1), 'responseImage2_pos_ind': 1, 'responseImage2_location': 'bottomleft', 'responseImage2_location_i': 2, 'responseImage3': 'images/picture_1.png', 'responseImage3_i': 1, 'responseImage3_pos': (-1, 1), 'responseImage3_pos_ind': 0, 'responseImage3_location': 'topright', 'responseImage3_location_i': 3}
20.0740 	EXP 	Fixation: autoDraw = False
20.0740 	EXP 	sample: autoDraw = False
20.0740 	EXP 	Delay: autoDraw = False
20.0740 	EXP 	Response_1: autoDraw = False
20.0740 	EXP 	Response_2: autoDraw = False
20.0740 	EXP 	Response_3: autoDraw = False
20.0740 	EXP 	Fixation: autoDraw = True
20.0740 	EXP 	sample: image = 'images/picture_2.png'
20.0740 	EXP 	sample: autoDraw = True
21.0849 	EXP 	Fixation: autoDraw = False
21.0849 	EXP 	sample: autoDraw = False
21.8464 	DATA 	Keypress: escape
22.4960 	EXP 	window1: mouseVisible = True
