1.4343 	WARNING 	We strongly recommend you activate the PTB sound engine in PsychoPy prefs as the preferred audio engine. Its timing is vastly superior. Your prefs are currently set to use ['sounddevice', 'PTB', 'pyo', 'pygame'] (in that order).
6.9633 	WARNING 	User requested fullscreen with size [1440  900], but screen is actually [1680, 1050]. Using actual size
7.6877 	EXP 	Created window1 = Window(allowGUI=True, allowStencil=False, autoLog=True, backendConf=UNKNOWN, bitsMode=UNKNOWN, blendMode='avg', bpc=(8, 8, 8), color=array([0, 0, 0]), colorSpace='rgb', depthBits=8, fullscr=<method-wrapper '__getattribute__' of attributeSetter object at 0x7fe02b3b5f70>, gamma=None, gammaErrorPolicy='raise', lms=UNKNOWN, monitor=<psychopy.monitors.calibTools.Monitor object at 0x7fdfddb68ac0>, multiSample=False, name='window1', numSamples=2, pos=[420.0, 262.5], screen=0, size=array([3360, 2100]), stencilBits=0, stereo=False, units='height', useFBO=True, useRetina=True, viewOri=0.0, viewPos=None, viewScale=None, waitBlanking=True, winType='pyglet')
7.6879 	EXP 	window1: mouseVisible = True
7.6894 	EXP 	window1: mouseVisible = False
7.6895 	EXP 	window1: Attempting to measure frame rate of screen (0) ...
7.6895 	EXP 	window1: recordFrameIntervals = False
7.8533 	EXP 	window1: recordFrameIntervals = True
8.0361 	EXP 	Screen (0) actual frame rate measured at 59.90Hz
8.0361 	EXP 	window1: recordFrameIntervals = False
9.9009 	EXP 	Created Fixation = ShapeStim(__class__=<class 'psychopy.visual.shape.ShapeStim'>, anchor=('center', 'center'), autoDraw=False, autoLog=True, closeShape=True, color=method-wrapper(...), colorSpace='rgb', contrast=None, depth=0.0, fillColor=array([1, 1, 1]), fillColorSpace='rgb', fillRGB=array([1, 1, 1]), interpolate=True, lineColor=array([1, 1, 1]), lineColorSpace='rgb', lineRGB=array([1, 1, 1]), lineWidth=1.0, name='Fixation', opacity=1.0, ori=0.0, pos=array([0., 0.]), size=array([0.025, 0.025]), units='height', vertices=ndarray(...), win=Window(...), windingRule=None)
9.9024 	EXP 	Created sample = ImageStim(__class__=<class 'psychopy.visual.image.ImageStim'>, anchor=('center', 'center'), autoLog=True, color=array([1, 1, 1]), colorSpace='rgb', contrast=1.0, depth=-1.0, flipHoriz=False, flipVert=False, image=None, interpolate=True, mask=None, maskParams=None, name='sample', opacity=1.0, ori=0.0, pos=array([0., 0.]), size=array([0.25, 0.25]), texRes=128.0, units='height', win=Window(...))
9.9038 	EXP 	Created Delay = ShapeStim(__class__=<class 'psychopy.visual.shape.ShapeStim'>, anchor=('center', 'center'), autoDraw=False, autoLog=True, closeShape=True, color=method-wrapper(...), colorSpace='rgb', contrast=None, depth=-2.0, fillColor=array([1, 1, 1]), fillColorSpace='rgb', fillRGB=array([1, 1, 1]), interpolate=True, lineColor=array([1, 1, 1]), lineColorSpace='rgb', lineRGB=array([1, 1, 1]), lineWidth=1.0, name='Delay', opacity=1.0, ori=0.0, pos=array([0., 0.]), size=array([0.025, 0.025]), units='height', vertices=ndarray(...), win=Window(...), windingRule=None)
9.9050 	EXP 	Created Response_1 = ImageStim(__class__=<class 'psychopy.visual.image.ImageStim'>, anchor=('center', 'center'), autoLog=True, color=array([1, 1, 1]), colorSpace='rgb', contrast=1.0, depth=-3.0, flipHoriz=False, flipVert=False, image=None, interpolate=True, mask=None, maskParams=None, name='Response_1', opacity=1.0, ori=0.0, pos=array([0., 0.]), size=array([0.5, 0.5]), texRes=128.0, units='height', win=Window(...))
9.9063 	EXP 	Created Response_2 = ImageStim(__class__=<class 'psychopy.visual.image.ImageStim'>, anchor=('center', 'center'), autoLog=True, color=array([1, 1, 1]), colorSpace='rgb', contrast=1.0, depth=-4.0, flipHoriz=False, flipVert=False, image=None, interpolate=True, mask=None, maskParams=None, name='Response_2', opacity=1.0, ori=0.0, pos=array([0., 0.]), size=array([0.5, 0.5]), texRes=128.0, units='height', win=Window(...))
9.9075 	EXP 	Created Response_3 = ImageStim(__class__=<class 'psychopy.visual.image.ImageStim'>, anchor=('center', 'center'), autoLog=True, color=array([1, 1, 1]), colorSpace='rgb', contrast=1.0, depth=-5.0, flipHoriz=False, flipVert=False, image=None, interpolate=True, mask=None, maskParams=None, name='Response_3', opacity=1.0, ori=0.0, pos=array([0., 0.]), size=array([0.5, 0.5]), texRes=128.0, units='height', win=Window(...))
9.9085 	EXP 	Created sequence: random, trialTypes=1, nReps=50, seed=None
9.9091 	EXP 	New trial (rep=0, index=0): {'delay_time': 1.1, 'stimImage_i': 0, 'stimImage': 'images/picture_1.png', 'responseImage1': 'images/picture_2.png', 'responseImage1_i': 0, 'responseImage1_pos': (1, -1), 'responseImage1_pos_ind': 0, 'responseImage1_location': 'bottomright', 'responseImage1_location_i': 3, 'responseImage2': 'images/picture_3.png', 'responseImage2_i': 1, 'responseImage2_pos': (-1, -1), 'responseImage2_pos_ind': 3, 'responseImage2_location': 'topleft', 'responseImage2_location_i': 0, 'responseImage3': 'images/picture_1.png', 'responseImage3_i': 2, 'responseImage3_pos': (1, 1), 'responseImage3_pos_ind': 1, 'responseImage3_location': 'topright', 'responseImage3_location_i': 1}
10.0056 	EXP 	Fixation: autoDraw = True
10.0056 	EXP 	sample: image = 'images/picture_1.png'
10.0056 	EXP 	sample: autoDraw = True
11.0201 	EXP 	Fixation: autoDraw = False
11.0201 	EXP 	sample: autoDraw = False
11.9204 	EXP 	Delay: autoDraw = True
13.1097 	EXP 	Delay: autoDraw = False
13.1097 	EXP 	Response_1: image = 'images/picture_2.png'
13.1097 	EXP 	Response_1: autoDraw = True
13.1097 	EXP 	Response_2: image = 'images/picture_3.png'
13.1097 	EXP 	Response_2: autoDraw = True
13.1097 	EXP 	Response_3: image = 'images/picture_1.png'
13.1097 	EXP 	Response_3: autoDraw = True
13.9211 	EXP 	New trial (rep=1, index=0): {'delay_time': 1.1, 'stimImage_i': 0, 'stimImage': 'images/picture_1.png', 'responseImage1': 'images/picture_2.png', 'responseImage1_i': 0, 'responseImage1_pos': (1, -1), 'responseImage1_pos_ind': 0, 'responseImage1_location': 'bottomright', 'responseImage1_location_i': 3, 'responseImage2': 'images/picture_3.png', 'responseImage2_i': 1, 'responseImage2_pos': (-1, -1), 'responseImage2_pos_ind': 3, 'responseImage2_location': 'topleft', 'responseImage2_location_i': 0, 'responseImage3': 'images/picture_1.png', 'responseImage3_i': 2, 'responseImage3_pos': (1, 1), 'responseImage3_pos_ind': 1, 'responseImage3_location': 'topright', 'responseImage3_location_i': 1}
13.9979 	EXP 	Fixation: autoDraw = False
13.9979 	EXP 	sample: autoDraw = False
13.9979 	EXP 	Delay: autoDraw = False
13.9979 	EXP 	Response_1: autoDraw = False
13.9979 	EXP 	Response_2: autoDraw = False
13.9979 	EXP 	Response_3: autoDraw = False
13.9979 	EXP 	Fixation: autoDraw = True
13.9979 	EXP 	sample: image = 'images/picture_1.png'
13.9979 	EXP 	sample: autoDraw = True
15.0024 	EXP 	Fixation: autoDraw = False
15.0024 	EXP 	sample: autoDraw = False
15.9190 	EXP 	Delay: autoDraw = True
15.9289 	DATA 	Keypress: escape
16.6251 	EXP 	window1: mouseVisible = True
